Copyright 1986-2017 Xilinx, Inc. All Rights Reserved.
-----------------------------------------------------------------------------------------------------------------------------------------------------
| Tool Version : Vivado v.2017.3 (lin64) Build 2018833 Wed Oct  4 19:58:07 MDT 2017
| Date         : Tue Mar 13 13:37:14 2018
| Host         : kammce-Lenovo-Y40-80 running 64-bit Ubuntu 16.04.4 LTS
| Command      : report_timing_summary -file Keyboard_DEMO_timing_summary_routed.rpt -warn_on_violation -rpx Keyboard_DEMO_timing_summary_routed.rpx
| Design       : Keyboard_DEMO
| Device       : 7a100t-csg324
| Speed File   : -1  PRODUCTION 1.19 2017-08-11
-----------------------------------------------------------------------------------------------------------------------------------------------------

Timing Summary Report

------------------------------------------------------------------------------------------------
| Timer Settings
| --------------
------------------------------------------------------------------------------------------------

  Enable Multi Corner Analysis               :  Yes
  Enable Pessimism Removal                   :  Yes
  Pessimism Removal Resolution               :  Nearest Common Node
  Enable Input Delay Default Clock           :  No
  Enable Preset / Clear Arcs                 :  No
  Disable Flight Delays                      :  No
  Ignore I/O Paths                           :  No
  Timing Early Launch at Borrowing Latches   :  false

  Corner  Analyze    Analyze    
  Name    Max Paths  Min Paths  
  ------  ---------  ---------  
  Slow    Yes        Yes        
  Fast    Yes        Yes        



check_timing report

Table of Contents
-----------------
1. checking no_clock
2. checking constant_clock
3. checking pulse_width_clock
4. checking unconstrained_internal_endpoints
5. checking no_input_delay
6. checking no_output_delay
7. checking multiple_clock
8. checking generated_clocks
9. checking loops
10. checking partial_input_delay
11. checking partial_output_delay
12. checking latch_loops

1. checking no_clock
--------------------
 There are 14 register/latch pins with no clock driven by root clock pin: keyboard/keyboard/sync_clk/sync_out_reg[0]/Q (HIGH)

 There are 68 register/latch pins with no clock driven by root clock pin: vga_term/pixel_clock_generator/pclk_reg/Q (HIGH)


2. checking constant_clock
--------------------------
 There are 0 register/latch pins with constant_clock.


3. checking pulse_width_clock
-----------------------------
 There are 0 register/latch pins which need pulse_width check


4. checking unconstrained_internal_endpoints
--------------------------------------------
 There are 202 pins that are not constrained for maximum delay. (HIGH)

 There are 0 pins that are not constrained for maximum delay due to constant clock.


5. checking no_input_delay
--------------------------
 There are 5 input ports with no input delay specified. (HIGH)

 There are 0 input ports with no input delay but user has a false path constraint.


6. checking no_output_delay
---------------------------
 There are 15 ports with no output delay specified. (HIGH)

 There are 0 ports with no output delay but user has a false path constraint

 There are 0 ports with no output delay but with a timing clock defined on it or propagating through it


7. checking multiple_clock
--------------------------
 There are 0 register/latch pins with multiple clocks.


8. checking generated_clocks
----------------------------
 There are 0 generated clocks that are not connected to a clock source.


9. checking loops
-----------------
 There are 0 combinational loops in the design.


10. checking partial_input_delay
--------------------------------
 There are 0 input ports with partial input delay specified.


11. checking partial_output_delay
---------------------------------
 There are 0 ports with partial output delay specified.


12. checking latch_loops
------------------------
 There are 0 combinational latch loops in the design through latch input



------------------------------------------------------------------------------------------------
| Design Timing Summary
| ---------------------
------------------------------------------------------------------------------------------------

    WNS(ns)      TNS(ns)  TNS Failing Endpoints  TNS Total Endpoints      WHS(ns)      THS(ns)  THS Failing Endpoints  THS Total Endpoints     WPWS(ns)     TPWS(ns)  TPWS Failing Endpoints  TPWS Total Endpoints  
    -------      -------  ---------------------  -------------------      -------      -------  ---------------------  -------------------     --------     --------  ----------------------  --------------------  
      0.219        0.000                      0                  675        0.188        0.000                      0                  675        3.750        0.000                       0                   304  


All user specified timing constraints are met.


------------------------------------------------------------------------------------------------
| Clock Summary
| -------------
------------------------------------------------------------------------------------------------

Clock        Waveform(ns)       Period(ns)      Frequency(MHz)
-----        ------------       ----------      --------------
sys_clk_pin  {0.000 5.000}      10.000          100.000         


------------------------------------------------------------------------------------------------
| Intra Clock Table
| -----------------
------------------------------------------------------------------------------------------------

Clock             WNS(ns)      TNS(ns)  TNS Failing Endpoints  TNS Total Endpoints      WHS(ns)      THS(ns)  THS Failing Endpoints  THS Total Endpoints     WPWS(ns)     TPWS(ns)  TPWS Failing Endpoints  TPWS Total Endpoints  
-----             -------      -------  ---------------------  -------------------      -------      -------  ---------------------  -------------------     --------     --------  ----------------------  --------------------  
sys_clk_pin         0.219        0.000                      0                  675        0.188        0.000                      0                  675        3.750        0.000                       0                   304  


------------------------------------------------------------------------------------------------
| Inter Clock Table
| -----------------
------------------------------------------------------------------------------------------------

From Clock    To Clock          WNS(ns)      TNS(ns)  TNS Failing Endpoints  TNS Total Endpoints      WHS(ns)      THS(ns)  THS Failing Endpoints  THS Total Endpoints  
----------    --------          -------      -------  ---------------------  -------------------      -------      -------  ---------------------  -------------------  


------------------------------------------------------------------------------------------------
| Other Path Groups Table
| -----------------------
------------------------------------------------------------------------------------------------

Path Group    From Clock    To Clock          WNS(ns)      TNS(ns)  TNS Failing Endpoints  TNS Total Endpoints      WHS(ns)      THS(ns)  THS Failing Endpoints  THS Total Endpoints  
----------    ----------    --------          -------      -------  ---------------------  -------------------      -------      -------  ---------------------  -------------------  


------------------------------------------------------------------------------------------------
| Timing Details
| --------------
------------------------------------------------------------------------------------------------


---------------------------------------------------------------------------------------------------
From Clock:  sys_clk_pin
  To Clock:  sys_clk_pin

Setup :            0  Failing Endpoints,  Worst Slack        0.219ns,  Total Violation        0.000ns
Hold  :            0  Failing Endpoints,  Worst Slack        0.188ns,  Total Violation        0.000ns
PW    :            0  Failing Endpoints,  Worst Slack        3.750ns,  Total Violation        0.000ns
---------------------------------------------------------------------------------------------------


Max Delay Paths
--------------------------------------------------------------------------------------
Slack (MET) :             0.219ns  (required time - arrival time)
  Source:                 address_reg[8]/C
                            (rising edge-triggered cell FDCE clocked by sys_clk_pin  {rise@0.000ns fall@5.000ns period=10.000ns})
  Destination:            address_reg[11]/D
                            (rising edge-triggered cell FDCE clocked by sys_clk_pin  {rise@0.000ns fall@5.000ns period=10.000ns})
  Path Group:             sys_clk_pin
  Path Type:              Setup (Max at Slow Process Corner)
  Requirement:            10.000ns  (sys_clk_pin rise@10.000ns - sys_clk_pin rise@0.000ns)
  Data Path Delay:        9.736ns  (logic 4.628ns (47.534%)  route 5.108ns (52.466%))
  Logic Levels:           13  (CARRY4=6 LUT2=1 LUT3=1 LUT5=4 LUT6=1)
  Clock Path Skew:        -0.041ns (DCD - SCD + CPR)
    Destination Clock Delay (DCD):    4.929ns = ( 14.929 - 10.000 ) 
    Source Clock Delay      (SCD):    5.229ns
    Clock Pessimism Removal (CPR):    0.259ns
  Clock Uncertainty:      0.035ns  ((TSJ^2 + TIJ^2)^1/2 + DJ) / 2 + PE
    Total System Jitter     (TSJ):    0.071ns
    Total Input Jitter      (TIJ):    0.000ns
    Discrete Jitter          (DJ):    0.000ns
    Phase Error              (PE):    0.000ns

    Location             Delay type                Incr(ns)  Path(ns)    Netlist Resource(s)
  -------------------------------------------------------------------    -------------------
                         (clock sys_clk_pin rise edge)
                                                      0.000     0.000 r  
    E3                                                0.000     0.000 r  clk (IN)
                         net (fo=0)                   0.000     0.000    clk
    E3                   IBUF (Prop_ibuf_I_O)         1.482     1.482 r  clk_IBUF_inst/O
                         net (fo=1, routed)           2.025     3.506    clk_IBUF
    BUFGCTRL_X0Y16       BUFG (Prop_bufg_I_O)         0.096     3.602 r  clk_IBUF_BUFG_inst/O
                         net (fo=303, routed)         1.626     5.229    clk_IBUF_BUFG
    SLICE_X35Y71         FDCE                                         r  address_reg[8]/C
  -------------------------------------------------------------------    -------------------
    SLICE_X35Y71         FDCE (Prop_fdce_C_Q)         0.456     5.685 f  address_reg[8]/Q
                         net (fo=23, routed)          1.162     6.847    address[8]
    SLICE_X29Y71         LUT3 (Prop_lut3_I2_O)        0.152     6.999 f  address[7]_i_49/O
                         net (fo=2, routed)           0.594     7.593    address[7]_i_49_n_0
    SLICE_X29Y70         LUT5 (Prop_lut5_I3_O)        0.326     7.919 r  address[7]_i_30/O
                         net (fo=2, routed)           0.584     8.503    address[7]_i_30_n_0
    SLICE_X31Y70         LUT6 (Prop_lut6_I0_O)        0.124     8.627 r  address[7]_i_34/O
                         net (fo=1, routed)           0.000     8.627    address[7]_i_34_n_0
    SLICE_X31Y70         CARRY4 (Prop_carry4_S[2]_CO[3])
                                                      0.398     9.025 r  address_reg[7]_i_20/CO[3]
                         net (fo=1, routed)           0.000     9.025    address_reg[7]_i_20_n_0
    SLICE_X31Y71         CARRY4 (Prop_carry4_CI_O[1])
                                                      0.334     9.359 r  address_reg[7]_i_17/O[1]
                         net (fo=2, routed)           0.481     9.840    address_reg[7]_i_17_n_6
    SLICE_X28Y73         CARRY4 (Prop_carry4_S[0]_O[1])
                                                      0.727    10.567 r  address_reg[7]_i_16/O[1]
                         net (fo=1, routed)           0.429    10.997    address_reg[7]_i_16_n_6
    SLICE_X28Y72         LUT2 (Prop_lut2_I1_O)        0.303    11.300 r  address[7]_i_13/O
                         net (fo=1, routed)           0.000    11.300    address[7]_i_13_n_0
    SLICE_X28Y72         CARRY4 (Prop_carry4_S[2]_O[3])
                                                      0.352    11.652 r  address_reg[7]_i_11/O[3]
                         net (fo=7, routed)           0.670    12.322    address_reg[7]_i_11_n_4
    SLICE_X29Y72         LUT5 (Prop_lut5_I3_O)        0.306    12.628 r  address[7]_i_5/O
                         net (fo=1, routed)           0.467    13.095    address[7]_i_5_n_0
    SLICE_X30Y72         CARRY4 (Prop_carry4_DI[2]_CO[3])
                                                      0.404    13.499 r  address_reg[7]_i_3/CO[3]
                         net (fo=1, routed)           0.000    13.499    address_reg[7]_i_3_n_0
    SLICE_X30Y73         CARRY4 (Prop_carry4_CI_O[3])
                                                      0.315    13.814 r  address_reg[11]_i_3/O[3]
                         net (fo=1, routed)           0.316    14.130    keyboard/ascii_to_vga/address_reg[10][3]
    SLICE_X29Y72         LUT5 (Prop_lut5_I0_O)        0.307    14.437 r  keyboard/ascii_to_vga/address[11]_i_2/O
                         net (fo=1, routed)           0.404    14.841    keyboard/ascii_to_vga/address[11]_i_2_n_0
    SLICE_X29Y73         LUT5 (Prop_lut5_I4_O)        0.124    14.965 r  keyboard/ascii_to_vga/address[11]_i_1/O
                         net (fo=1, routed)           0.000    14.965    keyboard_n_11
    SLICE_X29Y73         FDCE                                         r  address_reg[11]/D
  -------------------------------------------------------------------    -------------------

                         (clock sys_clk_pin rise edge)
                                                     10.000    10.000 r  
    E3                                                0.000    10.000 r  clk (IN)
                         net (fo=0)                   0.000    10.000    clk
    E3                   IBUF (Prop_ibuf_I_O)         1.411    11.411 r  clk_IBUF_inst/O
                         net (fo=1, routed)           1.920    13.331    clk_IBUF
    BUFGCTRL_X0Y16       BUFG (Prop_bufg_I_O)         0.091    13.422 r  clk_IBUF_BUFG_inst/O
                         net (fo=303, routed)         1.506    14.929    clk_IBUF_BUFG
    SLICE_X29Y73         FDCE                                         r  address_reg[11]/C
                         clock pessimism              0.259    15.188    
                         clock uncertainty           -0.035    15.152    
    SLICE_X29Y73         FDCE (Setup_fdce_C_D)        0.031    15.183    address_reg[11]
  -------------------------------------------------------------------
                         required time                         15.183    
                         arrival time                         -14.965    
  -------------------------------------------------------------------
                         slack                                  0.219    





Min Delay Paths
--------------------------------------------------------------------------------------
Slack (MET) :             0.188ns  (arrival time - required time)
  Source:                 keyboard/ascii_to_vga/write_position_reg[0]/C
                            (falling edge-triggered cell FDCE clocked by sys_clk_pin  {rise@0.000ns fall@5.000ns period=10.000ns})
  Destination:            keyboard/ascii_to_vga/write_position_reg[3]/D
                            (falling edge-triggered cell FDCE clocked by sys_clk_pin  {rise@0.000ns fall@5.000ns period=10.000ns})
  Path Group:             sys_clk_pin
  Path Type:              Hold (Min at Fast Process Corner)
  Requirement:            0.000ns  (sys_clk_pin fall@5.000ns - sys_clk_pin fall@5.000ns)
  Data Path Delay:        0.315ns  (logic 0.194ns (61.564%)  route 0.121ns (38.436%))
  Logic Levels:           1  (LUT4=1)
  Clock Path Skew:        0.013ns (DCD - SCD - CPR)
    Destination Clock Delay (DCD):    1.990ns = ( 6.990 - 5.000 ) 
    Source Clock Delay      (SCD):    1.475ns = ( 6.475 - 5.000 ) 
    Clock Pessimism Removal (CPR):    0.501ns

    Location             Delay type                Incr(ns)  Path(ns)    Netlist Resource(s)
  -------------------------------------------------------------------    -------------------
                         (clock sys_clk_pin fall edge)
                                                      5.000     5.000 f  
    E3                                                0.000     5.000 f  clk (IN)
                         net (fo=0)                   0.000     5.000    clk
    E3                   IBUF (Prop_ibuf_I_O)         0.250     5.250 f  clk_IBUF_inst/O
                         net (fo=1, routed)           0.644     5.894    clk_IBUF
    BUFGCTRL_X0Y16       BUFG (Prop_bufg_I_O)         0.026     5.920 f  clk_IBUF_BUFG_inst/O
                         net (fo=303, routed)         0.556     6.475    keyboard/ascii_to_vga/clk
    SLICE_X40Y73         FDCE                                         r  keyboard/ascii_to_vga/write_position_reg[0]/C  (IS_INVERTED)
  -------------------------------------------------------------------    -------------------
    SLICE_X40Y73         FDCE (Prop_fdce_C_Q)         0.146     6.621 r  keyboard/ascii_to_vga/write_position_reg[0]/Q
                         net (fo=18, routed)          0.121     6.742    keyboard/ascii_to_vga/write_position_reg_n_0_[0]
    SLICE_X41Y73         LUT4 (Prop_lut4_I1_O)        0.048     6.790 r  keyboard/ascii_to_vga/write_position[3]_i_1/O
                         net (fo=1, routed)           0.000     6.790    keyboard/ascii_to_vga/write_position[3]_i_1_n_0
    SLICE_X41Y73         FDCE                                         r  keyboard/ascii_to_vga/write_position_reg[3]/D
  -------------------------------------------------------------------    -------------------

                         (clock sys_clk_pin fall edge)
                                                      5.000     5.000 f  
    E3                                                0.000     5.000 f  clk (IN)
                         net (fo=0)                   0.000     5.000    clk
    E3                   IBUF (Prop_ibuf_I_O)         0.438     5.438 f  clk_IBUF_inst/O
                         net (fo=1, routed)           0.699     6.136    clk_IBUF
    BUFGCTRL_X0Y16       BUFG (Prop_bufg_I_O)         0.029     6.165 f  clk_IBUF_BUFG_inst/O
                         net (fo=303, routed)         0.825     6.990    keyboard/ascii_to_vga/clk
    SLICE_X41Y73         FDCE                                         r  keyboard/ascii_to_vga/write_position_reg[3]/C  (IS_INVERTED)
                         clock pessimism             -0.501     6.488    
    SLICE_X41Y73         FDCE (Hold_fdce_C_D)         0.114     6.602    keyboard/ascii_to_vga/write_position_reg[3]
  -------------------------------------------------------------------
                         required time                         -6.602    
                         arrival time                           6.790    
  -------------------------------------------------------------------
                         slack                                  0.188    





Pulse Width Checks
--------------------------------------------------------------------------------------
Clock Name:         sys_clk_pin
Waveform(ns):       { 0.000 5.000 }
Period(ns):         10.000
Sources:            { clk }

Check Type        Corner  Lib Pin             Reference Pin  Required(ns)  Actual(ns)  Slack(ns)  Location      Pin
Min Period        n/a     RAMB36E1/CLKARDCLK  n/a            2.944         10.000      7.056      RAMB36_X0Y12  vga_term/video_ram/ram_reg/CLKARDCLK
Low Pulse Width   Slow    RAMD32/CLK          n/a            1.250         5.000       3.750      SLICE_X42Y72  keyboard/ascii_to_vga/mem_reg_r2_0_15_0_5/RAMA/CLK
High Pulse Width  Slow    RAMD32/CLK          n/a            1.250         5.000       3.750      SLICE_X38Y72  keyboard/ascii_to_vga/mem_reg_r1_0_15_0_5/RAMA/CLK



