Copyright 1986-2017 Xilinx, Inc. All Rights Reserved.
---------------------------------------------------------------------------------------------------------------------------------------------------
| Tool Version : Vivado v.2017.3 (lin64) Build 2018833 Wed Oct  4 19:58:07 MDT 2017
| Date         : Thu Mar 15 20:48:31 2018
| Host         : kammce-Lenovo-Y40-80 running 64-bit Ubuntu 16.04.4 LTS
| Command      : report_timing_summary -file Motherboard_timing_summary_routed.rpt -warn_on_violation -rpx Keyboard_DEMO_timing_summary_routed.rpx
| Design       : Motherboard
| Device       : 7a100t-csg324
| Speed File   : -1  PRODUCTION 1.19 2017-08-11
---------------------------------------------------------------------------------------------------------------------------------------------------

Timing Summary Report

------------------------------------------------------------------------------------------------
| Timer Settings
| --------------
------------------------------------------------------------------------------------------------

  Enable Multi Corner Analysis               :  Yes
  Enable Pessimism Removal                   :  Yes
  Pessimism Removal Resolution               :  Nearest Common Node
  Enable Input Delay Default Clock           :  No
  Enable Preset / Clear Arcs                 :  No
  Disable Flight Delays                      :  No
  Ignore I/O Paths                           :  No
  Timing Early Launch at Borrowing Latches   :  false

  Corner  Analyze    Analyze    
  Name    Max Paths  Min Paths  
  ------  ---------  ---------  
  Slow    Yes        Yes        
  Fast    Yes        Yes        



check_timing report

Table of Contents
-----------------
1. checking no_clock
2. checking constant_clock
3. checking pulse_width_clock
4. checking unconstrained_internal_endpoints
5. checking no_input_delay
6. checking no_output_delay
7. checking multiple_clock
8. checking generated_clocks
9. checking loops
10. checking partial_input_delay
11. checking partial_output_delay
12. checking latch_loops

1. checking no_clock
--------------------
 There are 33059 register/latch pins with no clock driven by root clock pin: clk_select (HIGH)

 There are 33059 register/latch pins with no clock driven by root clock pin: button_clk/sync_out_reg[0]/Q (HIGH)

 There are 33059 register/latch pins with no clock driven by root clock pin: clock/slow_clk_reg/Q (HIGH)

 There are 64 register/latch pins with no clock driven by root clock pin: mips/pc_register/Q_reg[2]_rep__0/Q (HIGH)

 There are 64 register/latch pins with no clock driven by root clock pin: mips/pc_register/Q_reg[3]_rep__0/Q (HIGH)

 There are 64 register/latch pins with no clock driven by root clock pin: mips/pc_register/Q_reg[4]_rep/Q (HIGH)

 There are 64 register/latch pins with no clock driven by root clock pin: mips/pc_register/Q_reg[5]/Q (HIGH)

 There are 64 register/latch pins with no clock driven by root clock pin: mips/pc_register/Q_reg[6]_rep/Q (HIGH)

 There are 68 register/latch pins with no clock driven by root clock pin: vga_term/pixel_clock_generator/pclk_reg/Q (HIGH)


2. checking constant_clock
--------------------------
 There are 0 register/latch pins with constant_clock.


3. checking pulse_width_clock
-----------------------------
 There are 0 register/latch pins which need pulse_width check


4. checking unconstrained_internal_endpoints
--------------------------------------------
 There are 67072 pins that are not constrained for maximum delay. (HIGH)

 There are 0 pins that are not constrained for maximum delay due to constant clock.


5. checking no_input_delay
--------------------------
 There are 2 input ports with no input delay specified. (HIGH)

 There are 0 input ports with no input delay but user has a false path constraint.


6. checking no_output_delay
---------------------------
 There are 7 ports with no output delay specified. (HIGH)

 There are 0 ports with no output delay but user has a false path constraint

 There are 0 ports with no output delay but with a timing clock defined on it or propagating through it


7. checking multiple_clock
--------------------------
 There are 0 register/latch pins with multiple clocks.


8. checking generated_clocks
----------------------------
 There are 0 generated clocks that are not connected to a clock source.


9. checking loops
-----------------
 There are 0 combinational loops in the design.


10. checking partial_input_delay
--------------------------------
 There are 0 input ports with partial input delay specified.


11. checking partial_output_delay
---------------------------------
 There are 0 ports with partial output delay specified.


12. checking latch_loops
------------------------
 There are 0 combinational latch loops in the design through latch input



------------------------------------------------------------------------------------------------
| Design Timing Summary
| ---------------------
------------------------------------------------------------------------------------------------

    WNS(ns)      TNS(ns)  TNS Failing Endpoints  TNS Total Endpoints      WHS(ns)      THS(ns)  THS Failing Endpoints  THS Total Endpoints     WPWS(ns)     TPWS(ns)  TPWS Failing Endpoints  TPWS Total Endpoints  
    -------      -------  ---------------------  -------------------      -------      -------  ---------------------  -------------------     --------     --------  ----------------------  --------------------  
      0.579        0.000                      0                  398        0.264        0.000                      0                  398        4.500        0.000                       0                   198  


All user specified timing constraints are met.


------------------------------------------------------------------------------------------------
| Clock Summary
| -------------
------------------------------------------------------------------------------------------------

Clock        Waveform(ns)       Period(ns)      Frequency(MHz)
-----        ------------       ----------      --------------
sys_clk_pin  {0.000 5.000}      10.000          100.000         


------------------------------------------------------------------------------------------------
| Intra Clock Table
| -----------------
------------------------------------------------------------------------------------------------

Clock             WNS(ns)      TNS(ns)  TNS Failing Endpoints  TNS Total Endpoints      WHS(ns)      THS(ns)  THS Failing Endpoints  THS Total Endpoints     WPWS(ns)     TPWS(ns)  TPWS Failing Endpoints  TPWS Total Endpoints  
-----             -------      -------  ---------------------  -------------------      -------      -------  ---------------------  -------------------     --------     --------  ----------------------  --------------------  
sys_clk_pin         0.579        0.000                      0                  398        0.264        0.000                      0                  398        4.500        0.000                       0                   198  


------------------------------------------------------------------------------------------------
| Inter Clock Table
| -----------------
------------------------------------------------------------------------------------------------

From Clock    To Clock          WNS(ns)      TNS(ns)  TNS Failing Endpoints  TNS Total Endpoints      WHS(ns)      THS(ns)  THS Failing Endpoints  THS Total Endpoints  
----------    --------          -------      -------  ---------------------  -------------------      -------      -------  ---------------------  -------------------  


------------------------------------------------------------------------------------------------
| Other Path Groups Table
| -----------------------
------------------------------------------------------------------------------------------------

Path Group    From Clock    To Clock          WNS(ns)      TNS(ns)  TNS Failing Endpoints  TNS Total Endpoints      WHS(ns)      THS(ns)  THS Failing Endpoints  THS Total Endpoints  
----------    ----------    --------          -------      -------  ---------------------  -------------------      -------      -------  ---------------------  -------------------  


------------------------------------------------------------------------------------------------
| Timing Details
| --------------
------------------------------------------------------------------------------------------------


---------------------------------------------------------------------------------------------------
From Clock:  sys_clk_pin
  To Clock:  sys_clk_pin

Setup :            0  Failing Endpoints,  Worst Slack        0.579ns,  Total Violation        0.000ns
Hold  :            0  Failing Endpoints,  Worst Slack        0.264ns,  Total Violation        0.000ns
PW    :            0  Failing Endpoints,  Worst Slack        4.500ns,  Total Violation        0.000ns
---------------------------------------------------------------------------------------------------


Max Delay Paths
--------------------------------------------------------------------------------------
Slack (MET) :             0.579ns  (required time - arrival time)
  Source:                 vga_term/cu/v_reg[0]/C
                            (rising edge-triggered cell FDCE clocked by sys_clk_pin  {rise@0.000ns fall@5.000ns period=10.000ns})
  Destination:            vga_term/cu/buffer_data_out_reg[1]/D
                            (rising edge-triggered cell FDCE clocked by sys_clk_pin  {rise@0.000ns fall@5.000ns period=10.000ns})
  Path Group:             sys_clk_pin
  Path Type:              Setup (Max at Slow Process Corner)
  Requirement:            10.000ns  (sys_clk_pin rise@10.000ns - sys_clk_pin rise@0.000ns)
  Data Path Delay:        9.373ns  (logic 3.609ns (38.506%)  route 5.764ns (61.494%))
  Logic Levels:           12  (CARRY4=4 LUT1=1 LUT6=6 MUXF7=1)
  Clock Path Skew:        -0.042ns (DCD - SCD + CPR)
    Destination Clock Delay (DCD):    5.109ns = ( 15.109 - 10.000 ) 
    Source Clock Delay      (SCD):    5.419ns
    Clock Pessimism Removal (CPR):    0.267ns
  Clock Uncertainty:      0.035ns  ((TSJ^2 + TIJ^2)^1/2 + DJ) / 2 + PE
    Total System Jitter     (TSJ):    0.071ns
    Total Input Jitter      (TIJ):    0.000ns
    Discrete Jitter          (DJ):    0.000ns
    Phase Error              (PE):    0.000ns

    Location             Delay type                Incr(ns)  Path(ns)    Netlist Resource(s)
  -------------------------------------------------------------------    -------------------
                         (clock sys_clk_pin rise edge)
                                                      0.000     0.000 r  
    E3                                                0.000     0.000 r  clk100Mhz (IN)
                         net (fo=0)                   0.000     0.000    clk100Mhz
    E3                   IBUF (Prop_ibuf_I_O)         1.482     1.482 r  clk100Mhz_IBUF_inst/O
                         net (fo=1, routed)           2.025     3.506    clk100Mhz_IBUF
    BUFGCTRL_X0Y16       BUFG (Prop_bufg_I_O)         0.096     3.602 r  clk100Mhz_IBUF_BUFG_inst/O
                         net (fo=197, routed)         1.816     5.419    vga_term/cu/clk100Mhz_IBUF_BUFG
    SLICE_X32Y48         FDCE                                         r  vga_term/cu/v_reg[0]/C
  -------------------------------------------------------------------    -------------------
    SLICE_X32Y48         FDCE (Prop_fdce_C_Q)         0.456     5.875 r  vga_term/cu/v_reg[0]/Q
                         net (fo=4, routed)           0.710     6.585    vga_term/cu/v[0]
    SLICE_X30Y44         CARRY4 (Prop_carry4_CYINIT_CO[3])
                                                      0.595     7.180 r  vga_term/cu/v_reg[4]_i_2/CO[3]
                         net (fo=1, routed)           0.000     7.180    vga_term/cu/v_reg[4]_i_2_n_2
    SLICE_X30Y45         CARRY4 (Prop_carry4_CI_O[1])
                                                      0.323     7.503 f  vga_term/cu/v_reg[8]_i_2/O[1]
                         net (fo=2, routed)           0.513     8.016    vga_term/cu/v0[6]
    SLICE_X29Y45         LUT1 (Prop_lut1_I0_O)        0.306     8.322 r  vga_term/cu/buffer_data_out[6]_i_69/O
                         net (fo=1, routed)           0.000     8.322    vga_term/cu/buffer_data_out[6]_i_69_n_2
    SLICE_X29Y45         CARRY4 (Prop_carry4_S[3]_CO[3])
                                                      0.401     8.723 r  vga_term/cu/buffer_data_out_reg[6]_i_24/CO[3]
                         net (fo=1, routed)           0.000     8.723    vga_term/cu/buffer_data_out_reg[6]_i_24_n_2
    SLICE_X29Y46         CARRY4 (Prop_carry4_CI_O[0])
                                                      0.222     8.945 r  vga_term/cu/buffer_data_out_reg[6]_i_60/O[0]
                         net (fo=154, routed)         0.783     9.728    mips/pc_register/buffer_data_out2[4]
    SLICE_X32Y50         LUT6 (Prop_lut6_I1_O)        0.299    10.027 r  mips/pc_register/buffer_data_out[1]_i_16/O
                         net (fo=1, routed)           0.944    10.971    mips/pc_register/buffer_data_out[1]_i_16_n_2
    SLICE_X30Y42         LUT6 (Prop_lut6_I5_O)        0.124    11.095 r  mips/pc_register/buffer_data_out[1]_i_10/O
                         net (fo=1, routed)           0.303    11.398    vga_term/cu/Q_reg[4]_rep_4
    SLICE_X30Y41         LUT6 (Prop_lut6_I0_O)        0.124    11.522 r  vga_term/cu/buffer_data_out[1]_i_6/O
                         net (fo=1, routed)           0.868    12.390    vga_term/cu/buffer_data_out[1]_i_6_n_2
    SLICE_X25Y41         LUT6 (Prop_lut6_I0_O)        0.124    12.514 r  vga_term/cu/buffer_data_out[1]_i_5/O
                         net (fo=1, routed)           0.000    12.514    vga_term/cu/buffer_data_out[1]_i_5_n_2
    SLICE_X25Y41         MUXF7 (Prop_muxf7_I0_O)      0.212    12.726 r  vga_term/cu/buffer_data_out_reg[1]_i_3/O
                         net (fo=2, routed)           1.136    13.862    vga_term/cu/buffer_data_out_reg[1]_i_3_n_2
    SLICE_X25Y41         LUT6 (Prop_lut6_I1_O)        0.299    14.161 r  vga_term/cu/buffer_data_out[1]_i_2/O
                         net (fo=1, routed)           0.506    14.667    vga_term/cu/buffer_data_out[1]_i_2_n_2
    SLICE_X23Y40         LUT6 (Prop_lut6_I4_O)        0.124    14.791 r  vga_term/cu/buffer_data_out[1]_i_1/O
                         net (fo=1, routed)           0.000    14.791    vga_term/cu/buffer_data_out[1]_i_1_n_2
    SLICE_X23Y40         FDCE                                         r  vga_term/cu/buffer_data_out_reg[1]/D
  -------------------------------------------------------------------    -------------------

                         (clock sys_clk_pin rise edge)
                                                     10.000    10.000 r  
    E3                                                0.000    10.000 r  clk100Mhz (IN)
                         net (fo=0)                   0.000    10.000    clk100Mhz
    E3                   IBUF (Prop_ibuf_I_O)         1.411    11.411 r  clk100Mhz_IBUF_inst/O
                         net (fo=1, routed)           1.920    13.331    clk100Mhz_IBUF
    BUFGCTRL_X0Y16       BUFG (Prop_bufg_I_O)         0.091    13.422 r  clk100Mhz_IBUF_BUFG_inst/O
                         net (fo=197, routed)         1.687    15.109    vga_term/cu/clk100Mhz_IBUF_BUFG
    SLICE_X23Y40         FDCE                                         r  vga_term/cu/buffer_data_out_reg[1]/C
                         clock pessimism              0.267    15.377    
                         clock uncertainty           -0.035    15.341    
    SLICE_X23Y40         FDCE (Setup_fdce_C_D)        0.029    15.370    vga_term/cu/buffer_data_out_reg[1]
  -------------------------------------------------------------------
                         required time                         15.370    
                         arrival time                         -14.791    
  -------------------------------------------------------------------
                         slack                                  0.579    





Min Delay Paths
--------------------------------------------------------------------------------------
Slack (MET) :             0.264ns  (arrival time - required time)
  Source:                 vga_term/pixel_clock_generator/pclk_reg/C
                            (rising edge-triggered cell FDCE clocked by sys_clk_pin  {rise@0.000ns fall@5.000ns period=10.000ns})
  Destination:            vga_term/pixel_clock_generator/pclk_reg/D
                            (rising edge-triggered cell FDCE clocked by sys_clk_pin  {rise@0.000ns fall@5.000ns period=10.000ns})
  Path Group:             sys_clk_pin
  Path Type:              Hold (Min at Fast Process Corner)
  Requirement:            0.000ns  (sys_clk_pin rise@0.000ns - sys_clk_pin rise@0.000ns)
  Data Path Delay:        0.384ns  (logic 0.209ns (54.384%)  route 0.175ns (45.616%))
  Logic Levels:           1  (LUT3=1)
  Clock Path Skew:        0.000ns (DCD - SCD - CPR)
    Destination Clock Delay (DCD):    1.999ns
    Source Clock Delay      (SCD):    1.483ns
    Clock Pessimism Removal (CPR):    0.515ns

    Location             Delay type                Incr(ns)  Path(ns)    Netlist Resource(s)
  -------------------------------------------------------------------    -------------------
                         (clock sys_clk_pin rise edge)
                                                      0.000     0.000 r  
    E3                                                0.000     0.000 r  clk100Mhz (IN)
                         net (fo=0)                   0.000     0.000    clk100Mhz
    E3                   IBUF (Prop_ibuf_I_O)         0.250     0.250 r  clk100Mhz_IBUF_inst/O
                         net (fo=1, routed)           0.644     0.894    clk100Mhz_IBUF
    BUFGCTRL_X0Y16       BUFG (Prop_bufg_I_O)         0.026     0.920 r  clk100Mhz_IBUF_BUFG_inst/O
                         net (fo=197, routed)         0.564     1.483    vga_term/pixel_clock_generator/clk100Mhz_IBUF_BUFG
    SLICE_X54Y96         FDCE                                         r  vga_term/pixel_clock_generator/pclk_reg/C
  -------------------------------------------------------------------    -------------------
    SLICE_X54Y96         FDCE (Prop_fdce_C_Q)         0.164     1.647 r  vga_term/pixel_clock_generator/pclk_reg/Q
                         net (fo=2, routed)           0.175     1.823    vga_term/pixel_clock_generator/pclk_reg_0
    SLICE_X54Y96         LUT3 (Prop_lut3_I2_O)        0.045     1.868 r  vga_term/pixel_clock_generator/pclk_i_1/O
                         net (fo=1, routed)           0.000     1.868    vga_term/pixel_clock_generator/pclk_i_1_n_2
    SLICE_X54Y96         FDCE                                         r  vga_term/pixel_clock_generator/pclk_reg/D
  -------------------------------------------------------------------    -------------------

                         (clock sys_clk_pin rise edge)
                                                      0.000     0.000 r  
    E3                                                0.000     0.000 r  clk100Mhz (IN)
                         net (fo=0)                   0.000     0.000    clk100Mhz
    E3                   IBUF (Prop_ibuf_I_O)         0.438     0.438 r  clk100Mhz_IBUF_inst/O
                         net (fo=1, routed)           0.699     1.136    clk100Mhz_IBUF
    BUFGCTRL_X0Y16       BUFG (Prop_bufg_I_O)         0.029     1.165 r  clk100Mhz_IBUF_BUFG_inst/O
                         net (fo=197, routed)         0.834     1.999    vga_term/pixel_clock_generator/clk100Mhz_IBUF_BUFG
    SLICE_X54Y96         FDCE                                         r  vga_term/pixel_clock_generator/pclk_reg/C
                         clock pessimism             -0.515     1.483    
    SLICE_X54Y96         FDCE (Hold_fdce_C_D)         0.120     1.603    vga_term/pixel_clock_generator/pclk_reg
  -------------------------------------------------------------------
                         required time                         -1.603    
                         arrival time                           1.868    
  -------------------------------------------------------------------
                         slack                                  0.264    





Pulse Width Checks
--------------------------------------------------------------------------------------
Clock Name:         sys_clk_pin
Waveform(ns):       { 0.000 5.000 }
Period(ns):         10.000
Sources:            { clk100Mhz }

Check Type        Corner  Lib Pin             Reference Pin  Required(ns)  Actual(ns)  Slack(ns)  Location      Pin
Min Period        n/a     RAMB36E1/CLKARDCLK  n/a            2.944         10.000      7.056      RAMB36_X0Y6   vga_term/video_ram/ram_reg/CLKARDCLK
Low Pulse Width   Slow    FDCE/C              n/a            0.500         5.000       4.500      SLICE_X30Y34  vga_term/cu/i_reg[13]/C
High Pulse Width  Slow    FDCE/C              n/a            0.500         5.000       4.500      SLICE_X17Y31  vga_term/cu/i_reg[10]/C



