Copyright 1986-2017 Xilinx, Inc. All Rights Reserved.
------------------------------------------------------------------------------------
| Tool Version : Vivado v.2017.3 (lin64) Build 2018833 Wed Oct  4 19:58:07 MDT 2017
| Date         : Thu Mar 15 20:46:27 2018
| Host         : kammce-Lenovo-Y40-80 running 64-bit Ubuntu 16.04.4 LTS
| Command      : report_control_sets -file Motherboard_control_sets_placed.rpt
| Design       : Motherboard
| Device       : xc7a100t
------------------------------------------------------------------------------------

Control Set Information

Table of Contents
-----------------
1. Summary
2. Flip-Flop Distribution

1. Summary
----------

+-------------------------------+-------+
|             Status            | Count |
+-------------------------------+-------+
| Number of unique control sets |  4123 |
+-------------------------------+-------+


2. Flip-Flop Distribution
-------------------------

+--------------+-----------------------+------------------------+-----------------+--------------+
| Clock Enable | Synchronous Set/Reset | Asynchronous Set/Reset | Total Registers | Total Slices |
+--------------+-----------------------+------------------------+-----------------+--------------+
| No           | No                    | No                     |              66 |           47 |
| No           | No                    | Yes                    |             145 |           55 |
| No           | Yes                   | No                     |               0 |            0 |
| Yes          | No                    | No                     |           32800 |        11414 |
| Yes          | No                    | Yes                    |             213 |           72 |
| Yes          | Yes                   | No                     |               0 |            0 |
+--------------+-----------------------+------------------------+-----------------+--------------+


